<?xml version="1.0" encoding="UTF-8"?>
<!-- Generated by org.testng.reporters.JUnitReportReporter -->
<testsuite hostname="LAPTOP-M5PKHKMD" failures="0" tests="1" name="HybridFramework001.HybridFramework001.hello" time="10.728" errors="0" timestamp="2024-08-04T10:25:19 IST" skipped="0">
  <testcase classname="HybridFramework001.HybridFramework001.hello" name="setup" time="10.728"/>
</testsuite> <!-- HybridFramework001.HybridFramework001.hello -->
