<?xml version="1.0" encoding="UTF-8"?>
<!-- Generated by org.testng.reporters.JUnitReportReporter -->
<testsuite hostname="LAPTOP-M5PKHKMD" failures="0" tests="1" name="Testcase.Testcase01" time="2.305" errors="0" timestamp="2024-10-19T11:51:08 IST" skipped="0">
  <testcase classname="Testcase.Testcase01" name="registeraccount" time="2.305"/>
</testsuite> <!-- Testcase.Testcase01 -->
